[2026-02-24 23:07:29.791] [file_logger] [info] EllAlgo message: Hello from EllAlgo with spdlog!
[2026-02-24 23:22:47.860] [file_logger] [info] EllAlgo message: Test message from wrapper function
[2026-02-24 23:22:47.886] [file_logger] [info] EllAlgo message: First message
[2026-02-24 23:22:47.887] [file_logger] [info] EllAlgo message: Second message
[2026-02-24 23:22:47.888] [file_logger] [info] EllAlgo message: Third message
[2026-02-24 23:22:47.933] [file_logger] [info] EllAlgo message: Format test message
[2026-02-24 23:22:47.972] [file_logger] [info] EllAlgo message: Starting ellipsoid algorithm test
[2026-02-24 23:22:47.974] [file_logger] [info] EllAlgo message: Iteration 0 completed
[2026-02-24 23:22:47.976] [file_logger] [info] EllAlgo message: Iteration 1 completed
[2026-02-24 23:22:47.988] [file_logger] [info] EllAlgo message: Iteration 2 completed
[2026-02-24 23:22:47.989] [file_logger] [info] EllAlgo message: Ellipsoid algorithm test completed
[2026-03-16 17:44:58.508] [file_logger] [info] EllAlgo message: Test message from wrapper function
[2026-03-16 17:44:58.533] [file_logger] [info] EllAlgo message: First message
[2026-03-16 17:44:58.534] [file_logger] [info] EllAlgo message: Second message
[2026-03-16 17:44:58.535] [file_logger] [info] EllAlgo message: Third message
[2026-03-16 17:44:58.579] [file_logger] [info] EllAlgo message: Format test message
[2026-03-16 17:44:58.616] [file_logger] [info] EllAlgo message: Starting ellipsoid algorithm test
[2026-03-16 17:44:58.618] [file_logger] [info] EllAlgo message: Iteration 0 completed
[2026-03-16 17:44:58.619] [file_logger] [info] EllAlgo message: Iteration 1 completed
[2026-03-16 17:44:58.620] [file_logger] [info] EllAlgo message: Iteration 2 completed
[2026-03-16 17:44:58.621] [file_logger] [info] EllAlgo message: Ellipsoid algorithm test completed
[2026-05-20 18:30:22.820] [file_logger] [info] EllAlgo message: Test message from wrapper function
[2026-05-20 18:30:22.841] [file_logger] [info] EllAlgo message: First message
[2026-05-20 18:30:22.842] [file_logger] [info] EllAlgo message: Second message
[2026-05-20 18:30:22.844] [file_logger] [info] EllAlgo message: Third message
[2026-05-20 18:30:22.877] [file_logger] [info] EllAlgo message: Format test message
[2026-05-20 18:30:22.909] [file_logger] [info] EllAlgo message: Starting ellipsoid algorithm test
[2026-05-20 18:30:22.910] [file_logger] [info] EllAlgo message: Iteration 0 completed
[2026-05-20 18:30:22.911] [file_logger] [info] EllAlgo message: Iteration 1 completed
[2026-05-20 18:30:22.913] [file_logger] [info] EllAlgo message: Iteration 2 completed
[2026-05-20 18:30:22.915] [file_logger] [info] EllAlgo message: Ellipsoid algorithm test completed
[2026-05-26 15:01:40.833] [file_logger] [info] EllAlgo message: Test message from wrapper function
[2026-05-26 15:01:40.837] [file_logger] [info] EllAlgo message: First message
[2026-05-26 15:01:40.838] [file_logger] [info] EllAlgo message: Second message
[2026-05-26 15:01:40.839] [file_logger] [info] EllAlgo message: Third message
[2026-05-26 15:01:40.840] [file_logger] [info] EllAlgo message: Format test message
[2026-05-26 15:01:40.843] [file_logger] [info] EllAlgo message: Starting ellipsoid algorithm test
[2026-05-26 15:01:40.844] [file_logger] [info] EllAlgo message: Iteration 0 completed
[2026-05-26 15:01:40.845] [file_logger] [info] EllAlgo message: Iteration 1 completed
[2026-05-26 15:01:40.846] [file_logger] [info] EllAlgo message: Iteration 2 completed
[2026-05-26 15:01:40.847] [file_logger] [info] EllAlgo message: Ellipsoid algorithm test completed
[2026-05-30 13:32:14.620] [file_logger] [info] EllAlgo message: Test message from wrapper function
[2026-05-30 13:32:14.645] [file_logger] [info] EllAlgo message: First message
[2026-05-30 13:32:14.646] [file_logger] [info] EllAlgo message: Second message
[2026-05-30 13:32:14.648] [file_logger] [info] EllAlgo message: Third message
[2026-05-30 13:32:14.686] [file_logger] [info] EllAlgo message: Format test message
[2026-05-30 13:32:14.726] [file_logger] [info] EllAlgo message: Starting ellipsoid algorithm test
[2026-05-30 13:32:14.727] [file_logger] [info] EllAlgo message: Iteration 0 completed
[2026-05-30 13:32:14.729] [file_logger] [info] EllAlgo message: Iteration 1 completed
[2026-05-30 13:32:14.730] [file_logger] [info] EllAlgo message: Iteration 2 completed
[2026-05-30 13:32:14.731] [file_logger] [info] EllAlgo message: Ellipsoid algorithm test completed
